2019-11-09 10:20:15,263 [ERROR] com.hodanet.common.interceptor.GlobalExceptionResolver GlobalException >>:Request method 'GET' not supported
org.springframework.web.HttpRequestMethodNotSupportedException: Request method 'GET' not supported
	at org.springframework.web.servlet.mvc.annotation.AnnotationMethodHandlerAdapter$ServletHandlerMethodResolver.resolveHandlerMethod(AnnotationMethodHandlerAdapter.java:644)
	at org.springframework.web.servlet.mvc.annotation.AnnotationMethodHandlerAdapter.invokeHandlerMethod(AnnotationMethodHandlerAdapter.java:431)
	at org.springframework.web.servlet.mvc.annotation.AnnotationMethodHandlerAdapter.handle(AnnotationMethodHandlerAdapter.java:424)
	at org.springframework.web.servlet.DispatcherServlet.doDispatch(DispatcherServlet.java:790)
	at org.springframework.web.servlet.DispatcherServlet.doService(DispatcherServlet.java:719)
	at org.springframework.web.servlet.FrameworkServlet.processRequest(FrameworkServlet.java:669)
	at org.springframework.web.servlet.FrameworkServlet.doGet(FrameworkServlet.java:574)
	at javax.servlet.http.HttpServlet.service(HttpServlet.java:707)
	at javax.servlet.http.HttpServlet.service(HttpServlet.java:820)
	at org.mortbay.jetty.servlet.ServletHolder.handle(ServletHolder.java:511)
	at org.mortbay.jetty.servlet.ServletHandler$CachedChain.doFilter(ServletHandler.java:1221)
	at org.springframework.orm.hibernate3.support.OpenSessionInViewFilter.doFilterInternal(OpenSessionInViewFilter.java:198)
	at org.springframework.web.filter.OncePerRequestFilter.doFilter(OncePerRequestFilter.java:76)
	at org.mortbay.jetty.servlet.ServletHandler$CachedChain.doFilter(ServletHandler.java:1212)
	at com.hodanet.common.filter.HodanetAuthenticationFilter.doFilter(HodanetAuthenticationFilter.java:48)
	at org.mortbay.jetty.servlet.ServletHandler$CachedChain.doFilter(ServletHandler.java:1212)
	at org.springframework.web.filter.CharacterEncodingFilter.doFilterInternal(CharacterEncodingFilter.java:88)
	at org.springframework.web.filter.OncePerRequestFilter.doFilter(OncePerRequestFilter.java:76)
	at org.mortbay.jetty.servlet.ServletHandler$CachedChain.doFilter(ServletHandler.java:1212)
	at org.mortbay.jetty.servlet.ServletHandler.handle(ServletHandler.java:399)
	at org.mortbay.jetty.security.SecurityHandler.handle(SecurityHandler.java:216)
	at org.mortbay.jetty.servlet.SessionHandler.handle(SessionHandler.java:182)
	at org.mortbay.jetty.handler.ContextHandler.handle(ContextHandler.java:766)
	at org.mortbay.jetty.webapp.WebAppContext.handle(WebAppContext.java:450)
	at org.mortbay.jetty.handler.HandlerWrapper.handle(HandlerWrapper.java:152)
	at org.mortbay.jetty.Server.handle(Server.java:326)
	at org.mortbay.jetty.HttpConnection.handleRequest(HttpConnection.java:542)
	at org.mortbay.jetty.HttpConnection$RequestHandler.headerComplete(HttpConnection.java:928)
	at org.mortbay.jetty.HttpParser.parseNext(HttpParser.java:549)
	at org.mortbay.jetty.HttpParser.parseAvailable(HttpParser.java:212)
	at org.mortbay.jetty.HttpConnection.handle(HttpConnection.java:404)
	at org.mortbay.io.nio.SelectChannelEndPoint.run(SelectChannelEndPoint.java:410)
	at org.mortbay.thread.QueuedThreadPool$PoolThread.run(QueuedThreadPool.java:582)
2019-11-09 10:21:04,002 [WARN] com.hodanet.yuma.task.SyncYumaWeidianDataTask 微店数据正在同步
2019-11-09 10:22:04,001 [WARN] com.hodanet.yuma.task.SyncYumaWeidianDataTask 微店数据正在同步
2019-11-09 10:23:04,002 [WARN] com.hodanet.yuma.task.SyncYumaWeidianDataTask 微店数据正在同步
2019-11-09 10:24:04,001 [WARN] com.hodanet.yuma.task.SyncYumaWeidianDataTask 微店数据正在同步
2019-11-09 10:25:04,002 [WARN] com.hodanet.yuma.task.SyncYumaWeidianDataTask 微店数据正在同步
2019-11-09 10:26:04,001 [WARN] com.hodanet.yuma.task.SyncYumaWeidianDataTask 微店数据正在同步
2019-11-09 10:27:04,002 [WARN] com.hodanet.yuma.task.SyncYumaWeidianDataTask 微店数据正在同步
2019-11-09 10:28:04,000 [WARN] com.hodanet.yuma.task.SyncYumaWeidianDataTask 微店数据正在同步
2019-11-09 10:30:14,955 [WARN] com.hodanet.yuma.task.SyncYumaWeidianDataTask 微店数据正在同步
2019-11-09 10:30:15,129 [WARN] com.hodanet.yuma.task.SyncYumaWeidianDataTask 微店数据正在同步
2019-11-09 10:38:04,001 [WARN] com.hodanet.yuma.task.SyncYumaWeidianDataTask 微店数据正在同步
2019-11-09 10:58:04,000 [WARN] com.hodanet.yuma.task.SyncYumaWeidianDataTask 微店数据正在同步
2019-11-09 11:01:04,000 [WARN] com.hodanet.yuma.task.SyncYumaWeidianDataTask 微店数据正在同步
2019-11-09 11:03:04,000 [WARN] com.hodanet.yuma.task.SyncYumaWeidianDataTask 微店数据正在同步
2019-11-09 11:05:04,000 [WARN] com.hodanet.yuma.task.SyncYumaWeidianDataTask 微店数据正在同步
2019-11-09 11:08:04,001 [WARN] com.hodanet.yuma.task.SyncYumaWeidianDataTask 微店数据正在同步
2019-11-09 11:10:04,000 [WARN] com.hodanet.yuma.task.SyncYumaWeidianDataTask 微店数据正在同步
2019-11-09 11:12:04,001 [WARN] com.hodanet.yuma.task.SyncYumaWeidianDataTask 微店数据正在同步
2019-11-09 11:14:04,001 [WARN] com.hodanet.yuma.task.SyncYumaWeidianDataTask 微店数据正在同步
2019-11-09 11:21:04,000 [WARN] com.hodanet.yuma.task.SyncYumaWeidianDataTask 微店数据正在同步
2019-11-09 11:23:04,001 [WARN] com.hodanet.yuma.task.SyncYumaWeidianDataTask 微店数据正在同步
2019-11-09 11:25:04,001 [WARN] com.hodanet.yuma.task.SyncYumaWeidianDataTask 微店数据正在同步
2019-11-09 11:27:04,000 [WARN] com.hodanet.yuma.task.SyncYumaWeidianDataTask 微店数据正在同步
2019-11-09 11:29:04,000 [WARN] com.hodanet.yuma.task.SyncYumaWeidianDataTask 微店数据正在同步
2019-11-09 11:31:04,000 [WARN] com.hodanet.yuma.task.SyncYumaWeidianDataTask 微店数据正在同步
2019-11-09 11:31:56,797 [ERROR] com.hodanet.common.interceptor.GlobalExceptionResolver GlobalException >>:could not resolve property: displayStatu of: com.hodanet.common.entity.po.City [select count(*) from com.hodanet.common.entity.po.City o where 1=1  and o.province.id = ?  and o.displayStatu = ? ]
org.hibernate.QueryException: could not resolve property: displayStatu of: com.hodanet.common.entity.po.City [select count(*) from com.hodanet.common.entity.po.City o where 1=1  and o.province.id = ?  and o.displayStatu = ? ]
	at org.hibernate.persister.entity.AbstractPropertyMapping.propertyException(AbstractPropertyMapping.java:81)
	at org.hibernate.persister.entity.AbstractPropertyMapping.toType(AbstractPropertyMapping.java:75)
	at org.hibernate.persister.entity.AbstractEntityPersister.toType(AbstractEntityPersister.java:1465)
	at org.hibernate.hql.ast.tree.FromElementType.getPropertyType(FromElementType.java:315)
	at org.hibernate.hql.ast.tree.FromElement.getPropertyType(FromElement.java:487)
	at org.hibernate.hql.ast.tree.DotNode.getDataType(DotNode.java:611)
	at org.hibernate.hql.ast.tree.DotNode.prepareLhs(DotNode.java:263)
	at org.hibernate.hql.ast.tree.DotNode.resolve(DotNode.java:210)
	at org.hibernate.hql.ast.tree.FromReferenceNode.resolve(FromReferenceNode.java:117)
	at org.hibernate.hql.ast.tree.FromReferenceNode.resolve(FromReferenceNode.java:113)
	at org.hibernate.hql.ast.HqlSqlWalker.resolve(HqlSqlWalker.java:880)
	at org.hibernate.hql.antlr.HqlSqlBaseWalker.expr(HqlSqlBaseWalker.java:1330)
	at org.hibernate.hql.antlr.HqlSqlBaseWalker.exprOrSubquery(HqlSqlBaseWalker.java:4471)
	at org.hibernate.hql.antlr.HqlSqlBaseWalker.comparisonExpr(HqlSqlBaseWalker.java:3944)
	at org.hibernate.hql.antlr.HqlSqlBaseWalker.logicalExpr(HqlSqlBaseWalker.java:2047)
	at org.hibernate.hql.antlr.HqlSqlBaseWalker.logicalExpr(HqlSqlBaseWalker.java:1975)
	at org.hibernate.hql.antlr.HqlSqlBaseWalker.whereClause(HqlSqlBaseWalker.java:831)
	at org.hibernate.hql.antlr.HqlSqlBaseWalker.query(HqlSqlBaseWalker.java:617)
	at org.hibernate.hql.antlr.HqlSqlBaseWalker.selectStatement(HqlSqlBaseWalker.java:301)
	at org.hibernate.hql.antlr.HqlSqlBaseWalker.statement(HqlSqlBaseWalker.java:244)
	at org.hibernate.hql.ast.QueryTranslatorImpl.analyze(QueryTranslatorImpl.java:254)
	at org.hibernate.hql.ast.QueryTranslatorImpl.doCompile(QueryTranslatorImpl.java:185)
	at org.hibernate.hql.ast.QueryTranslatorImpl.compile(QueryTranslatorImpl.java:136)
	at org.hibernate.engine.query.HQLQueryPlan.<init>(HQLQueryPlan.java:101)
	at org.hibernate.engine.query.HQLQueryPlan.<init>(HQLQueryPlan.java:80)
	at org.hibernate.engine.query.QueryPlanCache.getHQLQueryPlan(QueryPlanCache.java:124)
	at org.hibernate.impl.AbstractSessionImpl.getHQLQueryPlan(AbstractSessionImpl.java:156)
	at org.hibernate.impl.AbstractSessionImpl.createQuery(AbstractSessionImpl.java:135)
	at org.hibernate.impl.SessionImpl.createQuery(SessionImpl.java:1770)
	at com.hodanet.common.dao.impl.HibernateDaoImpl.queryHqlPageData(HibernateDaoImpl.java:236)
	at com.hodanet.common.service.impl.CityServiceImpl.getCityByPage(CityServiceImpl.java:47)
	at com.hodanet.common.service.impl.CityServiceImpl$$FastClassByCGLIB$$f0fa5d6.invoke(<generated>)
	at net.sf.cglib.proxy.MethodProxy.invoke(MethodProxy.java:191)
	at org.springframework.aop.framework.Cglib2AopProxy$CglibMethodInvocation.invokeJoinpoint(Cglib2AopProxy.java:688)
	at org.springframework.aop.framework.ReflectiveMethodInvocation.proceed(ReflectiveMethodInvocation.java:150)
	at org.springframework.transaction.interceptor.TransactionInterceptor.invoke(TransactionInterceptor.java:110)
	at org.springframework.aop.framework.ReflectiveMethodInvocation.proceed(ReflectiveMethodInvocation.java:172)
	at org.springframework.aop.interceptor.ExposeInvocationInterceptor.invoke(ExposeInvocationInterceptor.java:90)
	at org.springframework.aop.framework.ReflectiveMethodInvocation.proceed(ReflectiveMethodInvocation.java:172)
	at org.springframework.aop.framework.Cglib2AopProxy$DynamicAdvisedInterceptor.intercept(Cglib2AopProxy.java:621)
	at com.hodanet.common.service.impl.CityServiceImpl$$EnhancerByCGLIB$$189c896.getCityByPage(<generated>)
	at com.hodanet.common.controller.AddressController.getCitys(AddressController.java:112)
	at com.hodanet.common.controller.AddressController$$FastClassByCGLIB$$ee3bacdf.invoke(<generated>)
	at net.sf.cglib.proxy.MethodProxy.invoke(MethodProxy.java:191)
	at org.springframework.aop.framework.Cglib2AopProxy$CglibMethodInvocation.invokeJoinpoint(Cglib2AopProxy.java:688)
	at org.springframework.aop.framework.ReflectiveMethodInvocation.proceed(ReflectiveMethodInvocation.java:150)
	at org.springframework.aop.aspectj.MethodInvocationProceedingJoinPoint.proceed(MethodInvocationProceedingJoinPoint.java:80)
	at com.hodanet.common.interceptor.ControllerAspect.around(ControllerAspect.java:31)
	at sun.reflect.GeneratedMethodAccessor43.invoke(Unknown Source)
	at sun.reflect.DelegatingMethodAccessorImpl.invoke(Unknown Source)
	at java.lang.reflect.Method.invoke(Unknown Source)
	at org.springframework.aop.aspectj.AbstractAspectJAdvice.invokeAdviceMethodWithGivenArgs(AbstractAspectJAdvice.java:621)
	at org.springframework.aop.aspectj.AbstractAspectJAdvice.invokeAdviceMethod(AbstractAspectJAdvice.java:610)
	at org.springframework.aop.aspectj.AspectJAroundAdvice.invoke(AspectJAroundAdvice.java:65)
	at org.springframework.aop.framework.ReflectiveMethodInvocation.proceed(ReflectiveMethodInvocation.java:172)
	at org.springframework.aop.interceptor.ExposeInvocationInterceptor.invoke(ExposeInvocationInterceptor.java:90)
	at org.springframework.aop.framework.ReflectiveMethodInvocation.proceed(ReflectiveMethodInvocation.java:172)
	at org.springframework.aop.framework.Cglib2AopProxy$DynamicAdvisedInterceptor.intercept(Cglib2AopProxy.java:621)
	at com.hodanet.common.controller.AddressController$$EnhancerByCGLIB$$7617050c_2.getCitys(<generated>)
	at sun.reflect.NativeMethodAccessorImpl.invoke0(Native Method)
	at sun.reflect.NativeMethodAccessorImpl.invoke(Unknown Source)
	at sun.reflect.DelegatingMethodAccessorImpl.invoke(Unknown Source)
	at java.lang.reflect.Method.invoke(Unknown Source)
	at org.springframework.web.bind.annotation.support.HandlerMethodInvoker.invokeHandlerMethod(HandlerMethodInvoker.java:176)
	at org.springframework.web.servlet.mvc.annotation.AnnotationMethodHandlerAdapter.invokeHandlerMethod(AnnotationMethodHandlerAdapter.java:436)
	at org.springframework.web.servlet.mvc.annotation.AnnotationMethodHandlerAdapter.handle(AnnotationMethodHandlerAdapter.java:424)
	at org.springframework.web.servlet.DispatcherServlet.doDispatch(DispatcherServlet.java:790)
	at org.springframework.web.servlet.DispatcherServlet.doService(DispatcherServlet.java:719)
	at org.springframework.web.servlet.FrameworkServlet.processRequest(FrameworkServlet.java:669)
	at org.springframework.web.servlet.FrameworkServlet.doPost(FrameworkServlet.java:585)
	at javax.servlet.http.HttpServlet.service(HttpServlet.java:727)
	at javax.servlet.http.HttpServlet.service(HttpServlet.java:820)
	at org.mortbay.jetty.servlet.ServletHolder.handle(ServletHolder.java:511)
	at org.mortbay.jetty.servlet.ServletHandler$CachedChain.doFilter(ServletHandler.java:1221)
	at org.springframework.orm.hibernate3.support.OpenSessionInViewFilter.doFilterInternal(OpenSessionInViewFilter.java:198)
	at org.springframework.web.filter.OncePerRequestFilter.doFilter(OncePerRequestFilter.java:76)
	at org.mortbay.jetty.servlet.ServletHandler$CachedChain.doFilter(ServletHandler.java:1212)
	at com.hodanet.common.filter.HodanetAuthenticationFilter.doFilter(HodanetAuthenticationFilter.java:48)
	at org.mortbay.jetty.servlet.ServletHandler$CachedChain.doFilter(ServletHandler.java:1212)
	at org.springframework.web.filter.CharacterEncodingFilter.doFilterInternal(CharacterEncodingFilter.java:88)
	at org.springframework.web.filter.OncePerRequestFilter.doFilter(OncePerRequestFilter.java:76)
	at org.mortbay.jetty.servlet.ServletHandler$CachedChain.doFilter(ServletHandler.java:1212)
	at org.mortbay.jetty.servlet.ServletHandler.handle(ServletHandler.java:399)
	at org.mortbay.jetty.security.SecurityHandler.handle(SecurityHandler.java:216)
	at org.mortbay.jetty.servlet.SessionHandler.handle(SessionHandler.java:182)
	at org.mortbay.jetty.handler.ContextHandler.handle(ContextHandler.java:766)
	at org.mortbay.jetty.webapp.WebAppContext.handle(WebAppContext.java:450)
	at org.mortbay.jetty.handler.HandlerWrapper.handle(HandlerWrapper.java:152)
	at org.mortbay.jetty.Server.handle(Server.java:326)
	at org.mortbay.jetty.HttpConnection.handleRequest(HttpConnection.java:542)
	at org.mortbay.jetty.HttpConnection$RequestHandler.content(HttpConnection.java:945)
	at org.mortbay.jetty.HttpParser.parseNext(HttpParser.java:756)
	at org.mortbay.jetty.HttpParser.parseAvailable(HttpParser.java:218)
	at org.mortbay.jetty.HttpConnection.handle(HttpConnection.java:404)
	at org.mortbay.io.nio.SelectChannelEndPoint.run(SelectChannelEndPoint.java:410)
	at org.mortbay.thread.QueuedThreadPool$PoolThread.run(QueuedThreadPool.java:582)
2019-11-09 11:33:04,000 [WARN] com.hodanet.yuma.task.SyncYumaWeidianDataTask 微店数据正在同步
2019-11-09 11:35:04,000 [WARN] com.hodanet.yuma.task.SyncYumaWeidianDataTask 微店数据正在同步
2019-11-09 11:37:04,001 [WARN] com.hodanet.yuma.task.SyncYumaWeidianDataTask 微店数据正在同步
2019-11-09 11:39:04,001 [WARN] com.hodanet.yuma.task.SyncYumaWeidianDataTask 微店数据正在同步
2019-11-09 11:41:04,001 [WARN] com.hodanet.yuma.task.SyncYumaWeidianDataTask 微店数据正在同步
2019-11-09 11:43:04,000 [WARN] com.hodanet.yuma.task.SyncYumaWeidianDataTask 微店数据正在同步
2019-11-09 11:45:04,001 [WARN] com.hodanet.yuma.task.SyncYumaWeidianDataTask 微店数据正在同步
2019-11-09 11:47:04,001 [WARN] com.hodanet.yuma.task.SyncYumaWeidianDataTask 微店数据正在同步
2019-11-09 11:49:04,000 [WARN] com.hodanet.yuma.task.SyncYumaWeidianDataTask 微店数据正在同步
2019-11-09 11:51:04,001 [WARN] com.hodanet.yuma.task.SyncYumaWeidianDataTask 微店数据正在同步
2019-11-09 11:53:04,001 [WARN] com.hodanet.yuma.task.SyncYumaWeidianDataTask 微店数据正在同步
2019-11-09 11:55:04,001 [WARN] com.hodanet.yuma.task.SyncYumaWeidianDataTask 微店数据正在同步
2019-11-09 11:57:04,000 [WARN] com.hodanet.yuma.task.SyncYumaWeidianDataTask 微店数据正在同步
2019-11-09 11:59:04,000 [WARN] com.hodanet.yuma.task.SyncYumaWeidianDataTask 微店数据正在同步
2019-11-09 12:01:04,000 [WARN] com.hodanet.yuma.task.SyncYumaWeidianDataTask 微店数据正在同步
2019-11-09 12:05:04,001 [WARN] com.hodanet.yuma.task.SyncYumaWeidianDataTask 微店数据正在同步
2019-11-09 12:08:04,000 [WARN] com.hodanet.yuma.task.SyncYumaWeidianDataTask 微店数据正在同步
2019-11-09 12:11:04,000 [WARN] com.hodanet.yuma.task.SyncYumaWeidianDataTask 微店数据正在同步
2019-11-09 12:13:04,000 [WARN] com.hodanet.yuma.task.SyncYumaWeidianDataTask 微店数据正在同步
2019-11-09 12:18:04,000 [WARN] com.hodanet.yuma.task.SyncYumaWeidianDataTask 微店数据正在同步
2019-11-09 12:20:04,000 [WARN] com.hodanet.yuma.task.SyncYumaWeidianDataTask 微店数据正在同步
2019-11-09 12:22:04,000 [WARN] com.hodanet.yuma.task.SyncYumaWeidianDataTask 微店数据正在同步
2019-11-09 12:25:04,001 [WARN] com.hodanet.yuma.task.SyncYumaWeidianDataTask 微店数据正在同步
2019-11-09 12:27:04,000 [WARN] com.hodanet.yuma.task.SyncYumaWeidianDataTask 微店数据正在同步
2019-11-09 12:29:04,000 [WARN] com.hodanet.yuma.task.SyncYumaWeidianDataTask 微店数据正在同步
2019-11-09 12:34:04,000 [WARN] com.hodanet.yuma.task.SyncYumaWeidianDataTask 微店数据正在同步
2019-11-09 12:36:04,000 [WARN] com.hodanet.yuma.task.SyncYumaWeidianDataTask 微店数据正在同步
2019-11-09 12:38:04,000 [WARN] com.hodanet.yuma.task.SyncYumaWeidianDataTask 微店数据正在同步
2019-11-09 12:40:04,000 [WARN] com.hodanet.yuma.task.SyncYumaWeidianDataTask 微店数据正在同步
2019-11-09 12:42:04,001 [WARN] com.hodanet.yuma.task.SyncYumaWeidianDataTask 微店数据正在同步
2019-11-09 12:44:04,001 [WARN] com.hodanet.yuma.task.SyncYumaWeidianDataTask 微店数据正在同步
2019-11-09 12:46:04,001 [WARN] com.hodanet.yuma.task.SyncYumaWeidianDataTask 微店数据正在同步
2019-11-09 12:48:04,000 [WARN] com.hodanet.yuma.task.SyncYumaWeidianDataTask 微店数据正在同步
2019-11-09 12:50:04,000 [WARN] com.hodanet.yuma.task.SyncYumaWeidianDataTask 微店数据正在同步
2019-11-09 12:52:04,000 [WARN] com.hodanet.yuma.task.SyncYumaWeidianDataTask 微店数据正在同步
2019-11-09 12:54:04,000 [WARN] com.hodanet.yuma.task.SyncYumaWeidianDataTask 微店数据正在同步
2019-11-09 12:56:04,000 [WARN] com.hodanet.yuma.task.SyncYumaWeidianDataTask 微店数据正在同步
2019-11-09 12:58:04,001 [WARN] com.hodanet.yuma.task.SyncYumaWeidianDataTask 微店数据正在同步
2019-11-09 13:00:04,000 [WARN] com.hodanet.yuma.task.SyncYumaWeidianDataTask 微店数据正在同步
2019-11-09 13:02:04,000 [WARN] com.hodanet.yuma.task.SyncYumaWeidianDataTask 微店数据正在同步
2019-11-09 13:04:04,000 [WARN] com.hodanet.yuma.task.SyncYumaWeidianDataTask 微店数据正在同步
2019-11-09 13:06:04,000 [WARN] com.hodanet.yuma.task.SyncYumaWeidianDataTask 微店数据正在同步
2019-11-09 13:08:04,000 [WARN] com.hodanet.yuma.task.SyncYumaWeidianDataTask 微店数据正在同步
2019-11-09 13:10:04,000 [WARN] com.hodanet.yuma.task.SyncYumaWeidianDataTask 微店数据正在同步
2019-11-09 13:12:04,011 [WARN] com.hodanet.yuma.task.SyncYumaWeidianDataTask 微店数据正在同步
2019-11-09 13:14:04,001 [WARN] com.hodanet.yuma.task.SyncYumaWeidianDataTask 微店数据正在同步
2019-11-09 13:16:04,001 [WARN] com.hodanet.yuma.task.SyncYumaWeidianDataTask 微店数据正在同步
2019-11-09 13:18:04,000 [WARN] com.hodanet.yuma.task.SyncYumaWeidianDataTask 微店数据正在同步
2019-11-09 13:20:04,000 [WARN] com.hodanet.yuma.task.SyncYumaWeidianDataTask 微店数据正在同步
2019-11-09 13:22:04,001 [WARN] com.hodanet.yuma.task.SyncYumaWeidianDataTask 微店数据正在同步
2019-11-09 13:24:04,002 [WARN] com.hodanet.yuma.task.SyncYumaWeidianDataTask 微店数据正在同步
2019-11-09 13:24:55,033 [ERROR] com.hodanet.common.interceptor.GlobalExceptionResolver GlobalException >>:deleted object would be re-saved by cascade (remove deleted object from associations): [com.hodanet.yuma.entity.po.YumaItemModel#1]; nested exception is org.hibernate.ObjectDeletedException: deleted object would be re-saved by cascade (remove deleted object from associations): [com.hodanet.yuma.entity.po.YumaItemModel#1]
org.springframework.dao.InvalidDataAccessApiUsageException: deleted object would be re-saved by cascade (remove deleted object from associations): [com.hodanet.yuma.entity.po.YumaItemModel#1]; nested exception is org.hibernate.ObjectDeletedException: deleted object would be re-saved by cascade (remove deleted object from associations): [com.hodanet.yuma.entity.po.YumaItemModel#1]
	at org.springframework.orm.hibernate3.SessionFactoryUtils.convertHibernateAccessException(SessionFactoryUtils.java:657)
	at org.springframework.orm.hibernate3.HibernateTransactionManager.convertHibernateAccessException(HibernateTransactionManager.java:793)
	at org.springframework.orm.hibernate3.HibernateTransactionManager.doCommit(HibernateTransactionManager.java:664)
	at org.springframework.transaction.support.AbstractPlatformTransactionManager.processCommit(AbstractPlatformTransactionManager.java:754)
	at org.springframework.transaction.support.AbstractPlatformTransactionManager.commit(AbstractPlatformTransactionManager.java:723)
	at org.springframework.transaction.interceptor.TransactionAspectSupport.commitTransactionAfterReturning(TransactionAspectSupport.java:393)
	at org.springframework.transaction.interceptor.TransactionInterceptor.invoke(TransactionInterceptor.java:120)
	at org.springframework.aop.framework.ReflectiveMethodInvocation.proceed(ReflectiveMethodInvocation.java:172)
	at org.springframework.aop.interceptor.ExposeInvocationInterceptor.invoke(ExposeInvocationInterceptor.java:90)
	at org.springframework.aop.framework.ReflectiveMethodInvocation.proceed(ReflectiveMethodInvocation.java:172)
	at org.springframework.aop.framework.Cglib2AopProxy$DynamicAdvisedInterceptor.intercept(Cglib2AopProxy.java:621)
	at com.hodanet.yuma.service.impl.YumaItemModelServiceImpl$$EnhancerByCGLIB$$3ea23adc.deleteYumaItemModel(<generated>)
	at com.hodanet.yuma.controller.YumaItemModelController.delete(YumaItemModelController.java:146)
	at com.hodanet.yuma.controller.YumaItemModelController$$FastClassByCGLIB$$519934cc.invoke(<generated>)
	at net.sf.cglib.proxy.MethodProxy.invoke(MethodProxy.java:191)
	at org.springframework.aop.framework.Cglib2AopProxy$CglibMethodInvocation.invokeJoinpoint(Cglib2AopProxy.java:688)
	at org.springframework.aop.framework.ReflectiveMethodInvocation.proceed(ReflectiveMethodInvocation.java:150)
	at org.springframework.aop.aspectj.MethodInvocationProceedingJoinPoint.proceed(MethodInvocationProceedingJoinPoint.java:80)
	at com.hodanet.common.interceptor.ControllerAspect.around(ControllerAspect.java:31)
	at sun.reflect.GeneratedMethodAccessor43.invoke(Unknown Source)
	at sun.reflect.DelegatingMethodAccessorImpl.invoke(Unknown Source)
	at java.lang.reflect.Method.invoke(Unknown Source)
	at org.springframework.aop.aspectj.AbstractAspectJAdvice.invokeAdviceMethodWithGivenArgs(AbstractAspectJAdvice.java:621)
	at org.springframework.aop.aspectj.AbstractAspectJAdvice.invokeAdviceMethod(AbstractAspectJAdvice.java:610)
	at org.springframework.aop.aspectj.AspectJAroundAdvice.invoke(AspectJAroundAdvice.java:65)
	at org.springframework.aop.framework.ReflectiveMethodInvocation.proceed(ReflectiveMethodInvocation.java:172)
	at org.springframework.aop.interceptor.ExposeInvocationInterceptor.invoke(ExposeInvocationInterceptor.java:90)
	at org.springframework.aop.framework.ReflectiveMethodInvocation.proceed(ReflectiveMethodInvocation.java:172)
	at org.springframework.aop.framework.Cglib2AopProxy$DynamicAdvisedInterceptor.intercept(Cglib2AopProxy.java:621)
	at com.hodanet.yuma.controller.YumaItemModelController$$EnhancerByCGLIB$$eb58b2eb_2.delete(<generated>)
	at sun.reflect.NativeMethodAccessorImpl.invoke0(Native Method)
	at sun.reflect.NativeMethodAccessorImpl.invoke(Unknown Source)
	at sun.reflect.DelegatingMethodAccessorImpl.invoke(Unknown Source)
	at java.lang.reflect.Method.invoke(Unknown Source)
	at org.springframework.web.bind.annotation.support.HandlerMethodInvoker.invokeHandlerMethod(HandlerMethodInvoker.java:176)
	at org.springframework.web.servlet.mvc.annotation.AnnotationMethodHandlerAdapter.invokeHandlerMethod(AnnotationMethodHandlerAdapter.java:436)
	at org.springframework.web.servlet.mvc.annotation.AnnotationMethodHandlerAdapter.handle(AnnotationMethodHandlerAdapter.java:424)
	at org.springframework.web.servlet.DispatcherServlet.doDispatch(DispatcherServlet.java:790)
	at org.springframework.web.servlet.DispatcherServlet.doService(DispatcherServlet.java:719)
	at org.springframework.web.servlet.FrameworkServlet.processRequest(FrameworkServlet.java:669)
	at org.springframework.web.servlet.FrameworkServlet.doPost(FrameworkServlet.java:585)
	at javax.servlet.http.HttpServlet.service(HttpServlet.java:727)
	at javax.servlet.http.HttpServlet.service(HttpServlet.java:820)
	at org.mortbay.jetty.servlet.ServletHolder.handle(ServletHolder.java:511)
	at org.mortbay.jetty.servlet.ServletHandler$CachedChain.doFilter(ServletHandler.java:1221)
	at org.springframework.orm.hibernate3.support.OpenSessionInViewFilter.doFilterInternal(OpenSessionInViewFilter.java:198)
	at org.springframework.web.filter.OncePerRequestFilter.doFilter(OncePerRequestFilter.java:76)
	at org.mortbay.jetty.servlet.ServletHandler$CachedChain.doFilter(ServletHandler.java:1212)
	at com.hodanet.common.filter.HodanetAuthenticationFilter.doFilter(HodanetAuthenticationFilter.java:48)
	at org.mortbay.jetty.servlet.ServletHandler$CachedChain.doFilter(ServletHandler.java:1212)
	at org.springframework.web.filter.CharacterEncodingFilter.doFilterInternal(CharacterEncodingFilter.java:88)
	at org.springframework.web.filter.OncePerRequestFilter.doFilter(OncePerRequestFilter.java:76)
	at org.mortbay.jetty.servlet.ServletHandler$CachedChain.doFilter(ServletHandler.java:1212)
	at org.mortbay.jetty.servlet.ServletHandler.handle(ServletHandler.java:399)
	at org.mortbay.jetty.security.SecurityHandler.handle(SecurityHandler.java:216)
	at org.mortbay.jetty.servlet.SessionHandler.handle(SessionHandler.java:182)
	at org.mortbay.jetty.handler.ContextHandler.handle(ContextHandler.java:766)
	at org.mortbay.jetty.webapp.WebAppContext.handle(WebAppContext.java:450)
	at org.mortbay.jetty.handler.HandlerWrapper.handle(HandlerWrapper.java:152)
	at org.mortbay.jetty.Server.handle(Server.java:326)
	at org.mortbay.jetty.HttpConnection.handleRequest(HttpConnection.java:542)
	at org.mortbay.jetty.HttpConnection$RequestHandler.content(HttpConnection.java:945)
	at org.mortbay.jetty.HttpParser.parseNext(HttpParser.java:756)
	at org.mortbay.jetty.HttpParser.parseAvailable(HttpParser.java:218)
	at org.mortbay.jetty.HttpConnection.handle(HttpConnection.java:404)
	at org.mortbay.io.nio.SelectChannelEndPoint.run(SelectChannelEndPoint.java:410)
	at org.mortbay.thread.QueuedThreadPool$PoolThread.run(QueuedThreadPool.java:582)
Caused by: org.hibernate.ObjectDeletedException: deleted object would be re-saved by cascade (remove deleted object from associations): [com.hodanet.yuma.entity.po.YumaItemModel#1]
	at org.hibernate.impl.SessionImpl.forceFlush(SessionImpl.java:1230)
	at org.hibernate.event.def.DefaultSaveOrUpdateEventListener.entityIsTransient(DefaultSaveOrUpdateEventListener.java:188)
	at org.hibernate.event.def.DefaultSaveOrUpdateEventListener.performSaveOrUpdate(DefaultSaveOrUpdateEventListener.java:117)
	at org.hibernate.event.def.DefaultSaveOrUpdateEventListener.onSaveOrUpdate(DefaultSaveOrUpdateEventListener.java:93)
	at org.hibernate.impl.SessionImpl.fireSaveOrUpdate(SessionImpl.java:685)
	at org.hibernate.impl.SessionImpl.saveOrUpdate(SessionImpl.java:677)
	at org.hibernate.engine.CascadingAction$5.cascade(CascadingAction.java:252)
	at org.hibernate.engine.Cascade.cascadeToOne(Cascade.java:392)
	at org.hibernate.engine.Cascade.cascadeAssociation(Cascade.java:335)
	at org.hibernate.engine.Cascade.cascadeProperty(Cascade.java:204)
	at org.hibernate.engine.Cascade.cascadeCollectionElements(Cascade.java:425)
	at org.hibernate.engine.Cascade.cascadeCollection(Cascade.java:362)
	at org.hibernate.engine.Cascade.cascadeAssociation(Cascade.java:338)
	at org.hibernate.engine.Cascade.cascadeProperty(Cascade.java:204)
	at org.hibernate.engine.Cascade.cascade(Cascade.java:161)
	at org.hibernate.event.def.AbstractFlushingEventListener.cascadeOnFlush(AbstractFlushingEventListener.java:154)
	at org.hibernate.event.def.AbstractFlushingEventListener.prepareEntityFlushes(AbstractFlushingEventListener.java:145)
	at org.hibernate.event.def.AbstractFlushingEventListener.flushEverythingToExecutions(AbstractFlushingEventListener.java:88)
	at org.hibernate.event.def.DefaultFlushEventListener.onFlush(DefaultFlushEventListener.java:50)
	at org.hibernate.impl.SessionImpl.flush(SessionImpl.java:1216)
	at org.hibernate.impl.SessionImpl.managedFlush(SessionImpl.java:383)
	at org.hibernate.transaction.JDBCTransaction.commit(JDBCTransaction.java:133)
	at org.springframework.orm.hibernate3.HibernateTransactionManager.doCommit(HibernateTransactionManager.java:656)
	... 64 more
2019-11-09 13:26:04,001 [WARN] com.hodanet.yuma.task.SyncYumaWeidianDataTask 微店数据正在同步
2019-11-09 13:28:04,001 [WARN] com.hodanet.yuma.task.SyncYumaWeidianDataTask 微店数据正在同步
2019-11-09 13:31:04,000 [WARN] com.hodanet.yuma.task.SyncYumaWeidianDataTask 微店数据正在同步
2019-11-09 13:33:04,002 [WARN] com.hodanet.yuma.task.SyncYumaWeidianDataTask 微店数据正在同步
2019-11-09 13:35:04,001 [WARN] com.hodanet.yuma.task.SyncYumaWeidianDataTask 微店数据正在同步
2019-11-09 13:37:04,001 [WARN] com.hodanet.yuma.task.SyncYumaWeidianDataTask 微店数据正在同步
2019-11-09 13:39:04,000 [WARN] com.hodanet.yuma.task.SyncYumaWeidianDataTask 微店数据正在同步
2019-11-09 13:41:04,000 [WARN] com.hodanet.yuma.task.SyncYumaWeidianDataTask 微店数据正在同步
2019-11-09 13:42:14,155 [ERROR] com.hodanet.common.interceptor.GlobalExceptionResolver GlobalException >>:deleted object would be re-saved by cascade (remove deleted object from associations): [com.hodanet.yuma.entity.po.YumaItemModel#2]; nested exception is org.hibernate.ObjectDeletedException: deleted object would be re-saved by cascade (remove deleted object from associations): [com.hodanet.yuma.entity.po.YumaItemModel#2]
org.springframework.dao.InvalidDataAccessApiUsageException: deleted object would be re-saved by cascade (remove deleted object from associations): [com.hodanet.yuma.entity.po.YumaItemModel#2]; nested exception is org.hibernate.ObjectDeletedException: deleted object would be re-saved by cascade (remove deleted object from associations): [com.hodanet.yuma.entity.po.YumaItemModel#2]
	at org.springframework.orm.hibernate3.SessionFactoryUtils.convertHibernateAccessException(SessionFactoryUtils.java:657)
	at org.springframework.orm.hibernate3.HibernateTransactionManager.convertHibernateAccessException(HibernateTransactionManager.java:793)
	at org.springframework.orm.hibernate3.HibernateTransactionManager.doCommit(HibernateTransactionManager.java:664)
	at org.springframework.transaction.support.AbstractPlatformTransactionManager.processCommit(AbstractPlatformTransactionManager.java:754)
	at org.springframework.transaction.support.AbstractPlatformTransactionManager.commit(AbstractPlatformTransactionManager.java:723)
	at org.springframework.transaction.interceptor.TransactionAspectSupport.commitTransactionAfterReturning(TransactionAspectSupport.java:393)
	at org.springframework.transaction.interceptor.TransactionInterceptor.invoke(TransactionInterceptor.java:120)
	at org.springframework.aop.framework.ReflectiveMethodInvocation.proceed(ReflectiveMethodInvocation.java:172)
	at org.springframework.aop.interceptor.ExposeInvocationInterceptor.invoke(ExposeInvocationInterceptor.java:90)
	at org.springframework.aop.framework.ReflectiveMethodInvocation.proceed(ReflectiveMethodInvocation.java:172)
	at org.springframework.aop.framework.Cglib2AopProxy$DynamicAdvisedInterceptor.intercept(Cglib2AopProxy.java:621)
	at com.hodanet.yuma.service.impl.YumaItemModelServiceImpl$$EnhancerByCGLIB$$dca549e1.deleteYumaItemModel(<generated>)
	at com.hodanet.yuma.controller.YumaItemModelController.delete(YumaItemModelController.java:146)
	at com.hodanet.yuma.controller.YumaItemModelController$$FastClassByCGLIB$$519934cc.invoke(<generated>)
	at net.sf.cglib.proxy.MethodProxy.invoke(MethodProxy.java:191)
	at org.springframework.aop.framework.Cglib2AopProxy$CglibMethodInvocation.invokeJoinpoint(Cglib2AopProxy.java:688)
	at org.springframework.aop.framework.ReflectiveMethodInvocation.proceed(ReflectiveMethodInvocation.java:150)
	at org.springframework.aop.aspectj.MethodInvocationProceedingJoinPoint.proceed(MethodInvocationProceedingJoinPoint.java:80)
	at com.hodanet.common.interceptor.ControllerAspect.around(ControllerAspect.java:31)
	at sun.reflect.GeneratedMethodAccessor55.invoke(Unknown Source)
	at sun.reflect.DelegatingMethodAccessorImpl.invoke(Unknown Source)
	at java.lang.reflect.Method.invoke(Unknown Source)
	at org.springframework.aop.aspectj.AbstractAspectJAdvice.invokeAdviceMethodWithGivenArgs(AbstractAspectJAdvice.java:621)
	at org.springframework.aop.aspectj.AbstractAspectJAdvice.invokeAdviceMethod(AbstractAspectJAdvice.java:610)
	at org.springframework.aop.aspectj.AspectJAroundAdvice.invoke(AspectJAroundAdvice.java:65)
	at org.springframework.aop.framework.ReflectiveMethodInvocation.proceed(ReflectiveMethodInvocation.java:172)
	at org.springframework.aop.interceptor.ExposeInvocationInterceptor.invoke(ExposeInvocationInterceptor.java:90)
	at org.springframework.aop.framework.ReflectiveMethodInvocation.proceed(ReflectiveMethodInvocation.java:172)
	at org.springframework.aop.framework.Cglib2AopProxy$DynamicAdvisedInterceptor.intercept(Cglib2AopProxy.java:621)
	at com.hodanet.yuma.controller.YumaItemModelController$$EnhancerByCGLIB$$895bc1f0_2.delete(<generated>)
	at sun.reflect.NativeMethodAccessorImpl.invoke0(Native Method)
	at sun.reflect.NativeMethodAccessorImpl.invoke(Unknown Source)
	at sun.reflect.DelegatingMethodAccessorImpl.invoke(Unknown Source)
	at java.lang.reflect.Method.invoke(Unknown Source)
	at org.springframework.web.bind.annotation.support.HandlerMethodInvoker.invokeHandlerMethod(HandlerMethodInvoker.java:176)
	at org.springframework.web.servlet.mvc.annotation.AnnotationMethodHandlerAdapter.invokeHandlerMethod(AnnotationMethodHandlerAdapter.java:436)
	at org.springframework.web.servlet.mvc.annotation.AnnotationMethodHandlerAdapter.handle(AnnotationMethodHandlerAdapter.java:424)
	at org.springframework.web.servlet.DispatcherServlet.doDispatch(DispatcherServlet.java:790)
	at org.springframework.web.servlet.DispatcherServlet.doService(DispatcherServlet.java:719)
	at org.springframework.web.servlet.FrameworkServlet.processRequest(FrameworkServlet.java:669)
	at org.springframework.web.servlet.FrameworkServlet.doPost(FrameworkServlet.java:585)
	at javax.servlet.http.HttpServlet.service(HttpServlet.java:727)
	at javax.servlet.http.HttpServlet.service(HttpServlet.java:820)
	at org.mortbay.jetty.servlet.ServletHolder.handle(ServletHolder.java:511)
	at org.mortbay.jetty.servlet.ServletHandler$CachedChain.doFilter(ServletHandler.java:1221)
	at org.springframework.orm.hibernate3.support.OpenSessionInViewFilter.doFilterInternal(OpenSessionInViewFilter.java:198)
	at org.springframework.web.filter.OncePerRequestFilter.doFilter(OncePerRequestFilter.java:76)
	at org.mortbay.jetty.servlet.ServletHandler$CachedChain.doFilter(ServletHandler.java:1212)
	at com.hodanet.common.filter.HodanetAuthenticationFilter.doFilter(HodanetAuthenticationFilter.java:48)
	at org.mortbay.jetty.servlet.ServletHandler$CachedChain.doFilter(ServletHandler.java:1212)
	at org.springframework.web.filter.CharacterEncodingFilter.doFilterInternal(CharacterEncodingFilter.java:88)
	at org.springframework.web.filter.OncePerRequestFilter.doFilter(OncePerRequestFilter.java:76)
	at org.mortbay.jetty.servlet.ServletHandler$CachedChain.doFilter(ServletHandler.java:1212)
	at org.mortbay.jetty.servlet.ServletHandler.handle(ServletHandler.java:399)
	at org.mortbay.jetty.security.SecurityHandler.handle(SecurityHandler.java:216)
	at org.mortbay.jetty.servlet.SessionHandler.handle(SessionHandler.java:182)
	at org.mortbay.jetty.handler.ContextHandler.handle(ContextHandler.java:766)
	at org.mortbay.jetty.webapp.WebAppContext.handle(WebAppContext.java:450)
	at org.mortbay.jetty.handler.HandlerWrapper.handle(HandlerWrapper.java:152)
	at org.mortbay.jetty.Server.handle(Server.java:326)
	at org.mortbay.jetty.HttpConnection.handleRequest(HttpConnection.java:542)
	at org.mortbay.jetty.HttpConnection$RequestHandler.content(HttpConnection.java:945)
	at org.mortbay.jetty.HttpParser.parseNext(HttpParser.java:756)
	at org.mortbay.jetty.HttpParser.parseAvailable(HttpParser.java:218)
	at org.mortbay.jetty.HttpConnection.handle(HttpConnection.java:404)
	at org.mortbay.io.nio.SelectChannelEndPoint.run(SelectChannelEndPoint.java:410)
	at org.mortbay.thread.QueuedThreadPool$PoolThread.run(QueuedThreadPool.java:582)
Caused by: org.hibernate.ObjectDeletedException: deleted object would be re-saved by cascade (remove deleted object from associations): [com.hodanet.yuma.entity.po.YumaItemModel#2]
	at org.hibernate.impl.SessionImpl.forceFlush(SessionImpl.java:1230)
	at org.hibernate.event.def.DefaultSaveOrUpdateEventListener.entityIsTransient(DefaultSaveOrUpdateEventListener.java:188)
	at org.hibernate.event.def.DefaultSaveOrUpdateEventListener.performSaveOrUpdate(DefaultSaveOrUpdateEventListener.java:117)
	at org.hibernate.event.def.DefaultSaveOrUpdateEventListener.onSaveOrUpdate(DefaultSaveOrUpdateEventListener.java:93)
	at org.hibernate.impl.SessionImpl.fireSaveOrUpdate(SessionImpl.java:685)
	at org.hibernate.impl.SessionImpl.saveOrUpdate(SessionImpl.java:677)
	at org.hibernate.engine.CascadingAction$5.cascade(CascadingAction.java:252)
	at org.hibernate.engine.Cascade.cascadeToOne(Cascade.java:392)
	at org.hibernate.engine.Cascade.cascadeAssociation(Cascade.java:335)
	at org.hibernate.engine.Cascade.cascadeProperty(Cascade.java:204)
	at org.hibernate.engine.Cascade.cascadeCollectionElements(Cascade.java:425)
	at org.hibernate.engine.Cascade.cascadeCollection(Cascade.java:362)
	at org.hibernate.engine.Cascade.cascadeAssociation(Cascade.java:338)
	at org.hibernate.engine.Cascade.cascadeProperty(Cascade.java:204)
	at org.hibernate.engine.Cascade.cascade(Cascade.java:161)
	at org.hibernate.event.def.AbstractFlushingEventListener.cascadeOnFlush(AbstractFlushingEventListener.java:154)
	at org.hibernate.event.def.AbstractFlushingEventListener.prepareEntityFlushes(AbstractFlushingEventListener.java:145)
	at org.hibernate.event.def.AbstractFlushingEventListener.flushEverythingToExecutions(AbstractFlushingEventListener.java:88)
	at org.hibernate.event.def.DefaultFlushEventListener.onFlush(DefaultFlushEventListener.java:50)
	at org.hibernate.impl.SessionImpl.flush(SessionImpl.java:1216)
	at org.hibernate.impl.SessionImpl.managedFlush(SessionImpl.java:383)
	at org.hibernate.transaction.JDBCTransaction.commit(JDBCTransaction.java:133)
	at org.springframework.orm.hibernate3.HibernateTransactionManager.doCommit(HibernateTransactionManager.java:656)
	... 64 more
2019-11-09 13:43:06,862 [ERROR] com.hodanet.common.interceptor.GlobalExceptionResolver GlobalException >>:deleted object would be re-saved by cascade (remove deleted object from associations): [com.hodanet.yuma.entity.po.YumaItemModel#2]; nested exception is org.hibernate.ObjectDeletedException: deleted object would be re-saved by cascade (remove deleted object from associations): [com.hodanet.yuma.entity.po.YumaItemModel#2]
org.springframework.dao.InvalidDataAccessApiUsageException: deleted object would be re-saved by cascade (remove deleted object from associations): [com.hodanet.yuma.entity.po.YumaItemModel#2]; nested exception is org.hibernate.ObjectDeletedException: deleted object would be re-saved by cascade (remove deleted object from associations): [com.hodanet.yuma.entity.po.YumaItemModel#2]
	at org.springframework.orm.hibernate3.SessionFactoryUtils.convertHibernateAccessException(SessionFactoryUtils.java:657)
	at org.springframework.orm.hibernate3.HibernateTransactionManager.convertHibernateAccessException(HibernateTransactionManager.java:793)
	at org.springframework.orm.hibernate3.HibernateTransactionManager.doCommit(HibernateTransactionManager.java:664)
	at org.springframework.transaction.support.AbstractPlatformTransactionManager.processCommit(AbstractPlatformTransactionManager.java:754)
	at org.springframework.transaction.support.AbstractPlatformTransactionManager.commit(AbstractPlatformTransactionManager.java:723)
	at org.springframework.transaction.interceptor.TransactionAspectSupport.commitTransactionAfterReturning(TransactionAspectSupport.java:393)
	at org.springframework.transaction.interceptor.TransactionInterceptor.invoke(TransactionInterceptor.java:120)
	at org.springframework.aop.framework.ReflectiveMethodInvocation.proceed(ReflectiveMethodInvocation.java:172)
	at org.springframework.aop.interceptor.ExposeInvocationInterceptor.invoke(ExposeInvocationInterceptor.java:90)
	at org.springframework.aop.framework.ReflectiveMethodInvocation.proceed(ReflectiveMethodInvocation.java:172)
	at org.springframework.aop.framework.Cglib2AopProxy$DynamicAdvisedInterceptor.intercept(Cglib2AopProxy.java:621)
	at com.hodanet.yuma.service.impl.YumaItemModelServiceImpl$$EnhancerByCGLIB$$dca549e1.deleteYumaItemModel(<generated>)
	at com.hodanet.yuma.controller.YumaItemModelController.delete(YumaItemModelController.java:146)
	at com.hodanet.yuma.controller.YumaItemModelController$$FastClassByCGLIB$$519934cc.invoke(<generated>)
	at net.sf.cglib.proxy.MethodProxy.invoke(MethodProxy.java:191)
	at org.springframework.aop.framework.Cglib2AopProxy$CglibMethodInvocation.invokeJoinpoint(Cglib2AopProxy.java:688)
	at org.springframework.aop.framework.ReflectiveMethodInvocation.proceed(ReflectiveMethodInvocation.java:150)
	at org.springframework.aop.aspectj.MethodInvocationProceedingJoinPoint.proceed(MethodInvocationProceedingJoinPoint.java:80)
	at com.hodanet.common.interceptor.ControllerAspect.around(ControllerAspect.java:31)
	at sun.reflect.GeneratedMethodAccessor55.invoke(Unknown Source)
	at sun.reflect.DelegatingMethodAccessorImpl.invoke(Unknown Source)
	at java.lang.reflect.Method.invoke(Unknown Source)
	at org.springframework.aop.aspectj.AbstractAspectJAdvice.invokeAdviceMethodWithGivenArgs(AbstractAspectJAdvice.java:621)
	at org.springframework.aop.aspectj.AbstractAspectJAdvice.invokeAdviceMethod(AbstractAspectJAdvice.java:610)
	at org.springframework.aop.aspectj.AspectJAroundAdvice.invoke(AspectJAroundAdvice.java:65)
	at org.springframework.aop.framework.ReflectiveMethodInvocation.proceed(ReflectiveMethodInvocation.java:172)
	at org.springframework.aop.interceptor.ExposeInvocationInterceptor.invoke(ExposeInvocationInterceptor.java:90)
	at org.springframework.aop.framework.ReflectiveMethodInvocation.proceed(ReflectiveMethodInvocation.java:172)
	at org.springframework.aop.framework.Cglib2AopProxy$DynamicAdvisedInterceptor.intercept(Cglib2AopProxy.java:621)
	at com.hodanet.yuma.controller.YumaItemModelController$$EnhancerByCGLIB$$895bc1f0_2.delete(<generated>)
	at sun.reflect.NativeMethodAccessorImpl.invoke0(Native Method)
	at sun.reflect.NativeMethodAccessorImpl.invoke(Unknown Source)
	at sun.reflect.DelegatingMethodAccessorImpl.invoke(Unknown Source)
	at java.lang.reflect.Method.invoke(Unknown Source)
	at org.springframework.web.bind.annotation.support.HandlerMethodInvoker.invokeHandlerMethod(HandlerMethodInvoker.java:176)
	at org.springframework.web.servlet.mvc.annotation.AnnotationMethodHandlerAdapter.invokeHandlerMethod(AnnotationMethodHandlerAdapter.java:436)
	at org.springframework.web.servlet.mvc.annotation.AnnotationMethodHandlerAdapter.handle(AnnotationMethodHandlerAdapter.java:424)
	at org.springframework.web.servlet.DispatcherServlet.doDispatch(DispatcherServlet.java:790)
	at org.springframework.web.servlet.DispatcherServlet.doService(DispatcherServlet.java:719)
	at org.springframework.web.servlet.FrameworkServlet.processRequest(FrameworkServlet.java:669)
	at org.springframework.web.servlet.FrameworkServlet.doPost(FrameworkServlet.java:585)
	at javax.servlet.http.HttpServlet.service(HttpServlet.java:727)
	at javax.servlet.http.HttpServlet.service(HttpServlet.java:820)
	at org.mortbay.jetty.servlet.ServletHolder.handle(ServletHolder.java:511)
	at org.mortbay.jetty.servlet.ServletHandler$CachedChain.doFilter(ServletHandler.java:1221)
	at org.springframework.orm.hibernate3.support.OpenSessionInViewFilter.doFilterInternal(OpenSessionInViewFilter.java:198)
	at org.springframework.web.filter.OncePerRequestFilter.doFilter(OncePerRequestFilter.java:76)
	at org.mortbay.jetty.servlet.ServletHandler$CachedChain.doFilter(ServletHandler.java:1212)
	at com.hodanet.common.filter.HodanetAuthenticationFilter.doFilter(HodanetAuthenticationFilter.java:48)
	at org.mortbay.jetty.servlet.ServletHandler$CachedChain.doFilter(ServletHandler.java:1212)
	at org.springframework.web.filter.CharacterEncodingFilter.doFilterInternal(CharacterEncodingFilter.java:88)
	at org.springframework.web.filter.OncePerRequestFilter.doFilter(OncePerRequestFilter.java:76)
	at org.mortbay.jetty.servlet.ServletHandler$CachedChain.doFilter(ServletHandler.java:1212)
	at org.mortbay.jetty.servlet.ServletHandler.handle(ServletHandler.java:399)
	at org.mortbay.jetty.security.SecurityHandler.handle(SecurityHandler.java:216)
	at org.mortbay.jetty.servlet.SessionHandler.handle(SessionHandler.java:182)
	at org.mortbay.jetty.handler.ContextHandler.handle(ContextHandler.java:766)
	at org.mortbay.jetty.webapp.WebAppContext.handle(WebAppContext.java:450)
	at org.mortbay.jetty.handler.HandlerWrapper.handle(HandlerWrapper.java:152)
	at org.mortbay.jetty.Server.handle(Server.java:326)
	at org.mortbay.jetty.HttpConnection.handleRequest(HttpConnection.java:542)
	at org.mortbay.jetty.HttpConnection$RequestHandler.content(HttpConnection.java:945)
	at org.mortbay.jetty.HttpParser.parseNext(HttpParser.java:756)
	at org.mortbay.jetty.HttpParser.parseAvailable(HttpParser.java:218)
	at org.mortbay.jetty.HttpConnection.handle(HttpConnection.java:404)
	at org.mortbay.io.nio.SelectChannelEndPoint.run(SelectChannelEndPoint.java:410)
	at org.mortbay.thread.QueuedThreadPool$PoolThread.run(QueuedThreadPool.java:582)
Caused by: org.hibernate.ObjectDeletedException: deleted object would be re-saved by cascade (remove deleted object from associations): [com.hodanet.yuma.entity.po.YumaItemModel#2]
	at org.hibernate.impl.SessionImpl.forceFlush(SessionImpl.java:1230)
	at org.hibernate.event.def.DefaultSaveOrUpdateEventListener.entityIsTransient(DefaultSaveOrUpdateEventListener.java:188)
	at org.hibernate.event.def.DefaultSaveOrUpdateEventListener.performSaveOrUpdate(DefaultSaveOrUpdateEventListener.java:117)
	at org.hibernate.event.def.DefaultSaveOrUpdateEventListener.onSaveOrUpdate(DefaultSaveOrUpdateEventListener.java:93)
	at org.hibernate.impl.SessionImpl.fireSaveOrUpdate(SessionImpl.java:685)
	at org.hibernate.impl.SessionImpl.saveOrUpdate(SessionImpl.java:677)
	at org.hibernate.engine.CascadingAction$5.cascade(CascadingAction.java:252)
	at org.hibernate.engine.Cascade.cascadeToOne(Cascade.java:392)
	at org.hibernate.engine.Cascade.cascadeAssociation(Cascade.java:335)
	at org.hibernate.engine.Cascade.cascadeProperty(Cascade.java:204)
	at org.hibernate.engine.Cascade.cascadeCollectionElements(Cascade.java:425)
	at org.hibernate.engine.Cascade.cascadeCollection(Cascade.java:362)
	at org.hibernate.engine.Cascade.cascadeAssociation(Cascade.java:338)
	at org.hibernate.engine.Cascade.cascadeProperty(Cascade.java:204)
	at org.hibernate.engine.Cascade.cascade(Cascade.java:161)
	at org.hibernate.event.def.AbstractFlushingEventListener.cascadeOnFlush(AbstractFlushingEventListener.java:154)
	at org.hibernate.event.def.AbstractFlushingEventListener.prepareEntityFlushes(AbstractFlushingEventListener.java:145)
	at org.hibernate.event.def.AbstractFlushingEventListener.flushEverythingToExecutions(AbstractFlushingEventListener.java:88)
	at org.hibernate.event.def.DefaultFlushEventListener.onFlush(DefaultFlushEventListener.java:50)
	at org.hibernate.impl.SessionImpl.flush(SessionImpl.java:1216)
	at org.hibernate.impl.SessionImpl.managedFlush(SessionImpl.java:383)
	at org.hibernate.transaction.JDBCTransaction.commit(JDBCTransaction.java:133)
	at org.springframework.orm.hibernate3.HibernateTransactionManager.doCommit(HibernateTransactionManager.java:656)
	... 64 more
2019-11-09 13:53:36,614 [ERROR] com.hodanet.common.interceptor.GlobalExceptionResolver GlobalException >>:deleted object would be re-saved by cascade (remove deleted object from associations): [com.hodanet.yuma.entity.po.YumaItemModel#2]; nested exception is org.hibernate.ObjectDeletedException: deleted object would be re-saved by cascade (remove deleted object from associations): [com.hodanet.yuma.entity.po.YumaItemModel#2]
org.springframework.dao.InvalidDataAccessApiUsageException: deleted object would be re-saved by cascade (remove deleted object from associations): [com.hodanet.yuma.entity.po.YumaItemModel#2]; nested exception is org.hibernate.ObjectDeletedException: deleted object would be re-saved by cascade (remove deleted object from associations): [com.hodanet.yuma.entity.po.YumaItemModel#2]
	at org.springframework.orm.hibernate3.SessionFactoryUtils.convertHibernateAccessException(SessionFactoryUtils.java:657)
	at org.springframework.orm.hibernate3.HibernateTransactionManager.convertHibernateAccessException(HibernateTransactionManager.java:793)
	at org.springframework.orm.hibernate3.HibernateTransactionManager.doCommit(HibernateTransactionManager.java:664)
	at org.springframework.transaction.support.AbstractPlatformTransactionManager.processCommit(AbstractPlatformTransactionManager.java:754)
	at org.springframework.transaction.support.AbstractPlatformTransactionManager.commit(AbstractPlatformTransactionManager.java:723)
	at org.springframework.transaction.interceptor.TransactionAspectSupport.commitTransactionAfterReturning(TransactionAspectSupport.java:393)
	at org.springframework.transaction.interceptor.TransactionInterceptor.invoke(TransactionInterceptor.java:120)
	at org.springframework.aop.framework.ReflectiveMethodInvocation.proceed(ReflectiveMethodInvocation.java:172)
	at org.springframework.aop.interceptor.ExposeInvocationInterceptor.invoke(ExposeInvocationInterceptor.java:90)
	at org.springframework.aop.framework.ReflectiveMethodInvocation.proceed(ReflectiveMethodInvocation.java:172)
	at org.springframework.aop.framework.Cglib2AopProxy$DynamicAdvisedInterceptor.intercept(Cglib2AopProxy.java:621)
	at com.hodanet.yuma.service.impl.YumaItemModelServiceImpl$$EnhancerByCGLIB$$c18fe4cf.deleteYumaItemModel(<generated>)
	at com.hodanet.yuma.controller.YumaItemModelController.delete(YumaItemModelController.java:146)
	at com.hodanet.yuma.controller.YumaItemModelController$$FastClassByCGLIB$$519934cc.invoke(<generated>)
	at net.sf.cglib.proxy.MethodProxy.invoke(MethodProxy.java:191)
	at org.springframework.aop.framework.Cglib2AopProxy$CglibMethodInvocation.invokeJoinpoint(Cglib2AopProxy.java:688)
	at org.springframework.aop.framework.ReflectiveMethodInvocation.proceed(ReflectiveMethodInvocation.java:150)
	at org.springframework.aop.aspectj.MethodInvocationProceedingJoinPoint.proceed(MethodInvocationProceedingJoinPoint.java:80)
	at com.hodanet.common.interceptor.ControllerAspect.around(ControllerAspect.java:31)
	at sun.reflect.NativeMethodAccessorImpl.invoke0(Native Method)
	at sun.reflect.NativeMethodAccessorImpl.invoke(Unknown Source)
	at sun.reflect.DelegatingMethodAccessorImpl.invoke(Unknown Source)
	at java.lang.reflect.Method.invoke(Unknown Source)
	at org.springframework.aop.aspectj.AbstractAspectJAdvice.invokeAdviceMethodWithGivenArgs(AbstractAspectJAdvice.java:621)
	at org.springframework.aop.aspectj.AbstractAspectJAdvice.invokeAdviceMethod(AbstractAspectJAdvice.java:610)
	at org.springframework.aop.aspectj.AspectJAroundAdvice.invoke(AspectJAroundAdvice.java:65)
	at org.springframework.aop.framework.ReflectiveMethodInvocation.proceed(ReflectiveMethodInvocation.java:172)
	at org.springframework.aop.interceptor.ExposeInvocationInterceptor.invoke(ExposeInvocationInterceptor.java:90)
	at org.springframework.aop.framework.ReflectiveMethodInvocation.proceed(ReflectiveMethodInvocation.java:172)
	at org.springframework.aop.framework.Cglib2AopProxy$DynamicAdvisedInterceptor.intercept(Cglib2AopProxy.java:621)
	at com.hodanet.yuma.controller.YumaItemModelController$$EnhancerByCGLIB$$6e465cde_2.delete(<generated>)
	at sun.reflect.NativeMethodAccessorImpl.invoke0(Native Method)
	at sun.reflect.NativeMethodAccessorImpl.invoke(Unknown Source)
	at sun.reflect.DelegatingMethodAccessorImpl.invoke(Unknown Source)
	at java.lang.reflect.Method.invoke(Unknown Source)
	at org.springframework.web.bind.annotation.support.HandlerMethodInvoker.invokeHandlerMethod(HandlerMethodInvoker.java:176)
	at org.springframework.web.servlet.mvc.annotation.AnnotationMethodHandlerAdapter.invokeHandlerMethod(AnnotationMethodHandlerAdapter.java:436)
	at org.springframework.web.servlet.mvc.annotation.AnnotationMethodHandlerAdapter.handle(AnnotationMethodHandlerAdapter.java:424)
	at org.springframework.web.servlet.DispatcherServlet.doDispatch(DispatcherServlet.java:790)
	at org.springframework.web.servlet.DispatcherServlet.doService(DispatcherServlet.java:719)
	at org.springframework.web.servlet.FrameworkServlet.processRequest(FrameworkServlet.java:669)
	at org.springframework.web.servlet.FrameworkServlet.doPost(FrameworkServlet.java:585)
	at javax.servlet.http.HttpServlet.service(HttpServlet.java:727)
	at javax.servlet.http.HttpServlet.service(HttpServlet.java:820)
	at org.mortbay.jetty.servlet.ServletHolder.handle(ServletHolder.java:511)
	at org.mortbay.jetty.servlet.ServletHandler$CachedChain.doFilter(ServletHandler.java:1221)
	at org.springframework.orm.hibernate3.support.OpenSessionInViewFilter.doFilterInternal(OpenSessionInViewFilter.java:198)
	at org.springframework.web.filter.OncePerRequestFilter.doFilter(OncePerRequestFilter.java:76)
	at org.mortbay.jetty.servlet.ServletHandler$CachedChain.doFilter(ServletHandler.java:1212)
	at com.hodanet.common.filter.HodanetAuthenticationFilter.doFilter(HodanetAuthenticationFilter.java:48)
	at org.mortbay.jetty.servlet.ServletHandler$CachedChain.doFilter(ServletHandler.java:1212)
	at org.springframework.web.filter.CharacterEncodingFilter.doFilterInternal(CharacterEncodingFilter.java:88)
	at org.springframework.web.filter.OncePerRequestFilter.doFilter(OncePerRequestFilter.java:76)
	at org.mortbay.jetty.servlet.ServletHandler$CachedChain.doFilter(ServletHandler.java:1212)
	at org.mortbay.jetty.servlet.ServletHandler.handle(ServletHandler.java:399)
	at org.mortbay.jetty.security.SecurityHandler.handle(SecurityHandler.java:216)
	at org.mortbay.jetty.servlet.SessionHandler.handle(SessionHandler.java:182)
	at org.mortbay.jetty.handler.ContextHandler.handle(ContextHandler.java:766)
	at org.mortbay.jetty.webapp.WebAppContext.handle(WebAppContext.java:450)
	at org.mortbay.jetty.handler.HandlerWrapper.handle(HandlerWrapper.java:152)
	at org.mortbay.jetty.Server.handle(Server.java:326)
	at org.mortbay.jetty.HttpConnection.handleRequest(HttpConnection.java:542)
	at org.mortbay.jetty.HttpConnection$RequestHandler.content(HttpConnection.java:945)
	at org.mortbay.jetty.HttpParser.parseNext(HttpParser.java:756)
	at org.mortbay.jetty.HttpParser.parseAvailable(HttpParser.java:218)
	at org.mortbay.jetty.HttpConnection.handle(HttpConnection.java:404)
	at org.mortbay.io.nio.SelectChannelEndPoint.run(SelectChannelEndPoint.java:410)
	at org.mortbay.thread.QueuedThreadPool$PoolThread.run(QueuedThreadPool.java:582)
Caused by: org.hibernate.ObjectDeletedException: deleted object would be re-saved by cascade (remove deleted object from associations): [com.hodanet.yuma.entity.po.YumaItemModel#2]
	at org.hibernate.impl.SessionImpl.forceFlush(SessionImpl.java:1230)
	at org.hibernate.event.def.DefaultSaveOrUpdateEventListener.entityIsTransient(DefaultSaveOrUpdateEventListener.java:188)
	at org.hibernate.event.def.DefaultSaveOrUpdateEventListener.performSaveOrUpdate(DefaultSaveOrUpdateEventListener.java:117)
	at org.hibernate.event.def.DefaultSaveOrUpdateEventListener.onSaveOrUpdate(DefaultSaveOrUpdateEventListener.java:93)
	at org.hibernate.impl.SessionImpl.fireSaveOrUpdate(SessionImpl.java:685)
	at org.hibernate.impl.SessionImpl.saveOrUpdate(SessionImpl.java:677)
	at org.hibernate.engine.CascadingAction$5.cascade(CascadingAction.java:252)
	at org.hibernate.engine.Cascade.cascadeToOne(Cascade.java:392)
	at org.hibernate.engine.Cascade.cascadeAssociation(Cascade.java:335)
	at org.hibernate.engine.Cascade.cascadeProperty(Cascade.java:204)
	at org.hibernate.engine.Cascade.cascadeCollectionElements(Cascade.java:425)
	at org.hibernate.engine.Cascade.cascadeCollection(Cascade.java:362)
	at org.hibernate.engine.Cascade.cascadeAssociation(Cascade.java:338)
	at org.hibernate.engine.Cascade.cascadeProperty(Cascade.java:204)
	at org.hibernate.engine.Cascade.cascade(Cascade.java:161)
	at org.hibernate.event.def.AbstractFlushingEventListener.cascadeOnFlush(AbstractFlushingEventListener.java:154)
	at org.hibernate.event.def.AbstractFlushingEventListener.prepareEntityFlushes(AbstractFlushingEventListener.java:145)
	at org.hibernate.event.def.AbstractFlushingEventListener.flushEverythingToExecutions(AbstractFlushingEventListener.java:88)
	at org.hibernate.event.def.DefaultFlushEventListener.onFlush(DefaultFlushEventListener.java:50)
	at org.hibernate.impl.SessionImpl.flush(SessionImpl.java:1216)
	at org.hibernate.impl.SessionImpl.managedFlush(SessionImpl.java:383)
	at org.hibernate.transaction.JDBCTransaction.commit(JDBCTransaction.java:133)
	at org.springframework.orm.hibernate3.HibernateTransactionManager.doCommit(HibernateTransactionManager.java:656)
	... 65 more
